


ARM Macro Assembler    Page 1 


    1 00000000         ; LCD.s
    2 00000000         ; Student names: change this to your names or look very 
                       silly
    3 00000000         ; Last modification date: change this to the last modifi
                       cation date or look very silly
    4 00000000         
    5 00000000         ; Runs on LM4F120/TM4C123
    6 00000000         ; Use SSI0 to send an 8-bit code to the ST7735 160x128 p
                       ixel LCD.
    7 00000000         
    8 00000000         ; As part of Lab 7, students need to implement these LCD
                       _WriteCommand and LCD_WriteData
    9 00000000         ; This driver assumes two low-level LCD functions
   10 00000000         
   11 00000000         ; Backlight (pin 10) connected to +3.3 V
   12 00000000         ; MISO (pin 9) unconnected
   13 00000000         ; SCK (pin 8) connected to PA2 (SSI0Clk)
   14 00000000         ; MOSI (pin 7) connected to PA5 (SSI0Tx)
   15 00000000         ; TFT_CS (pin 6) connected to PA3 (SSI0Fss)
   16 00000000         ; CARD_CS (pin 5) unconnected
   17 00000000         ; Data/Command (pin 4) connected to PA6 (GPIO)
   18 00000000         ; RESET (pin 3) connected to PA7 (GPIO)
   19 00000000         ; VCC (pin 2) connected to +3.3 V
   20 00000000         ; Gnd (pin 1) connected to ground
   21 00000000         
   22 00000000 40004100 
                       DC      EQU              0x40004100
   23 00000000 00000000 
                       DC_COMMAND
                               EQU              0
   24 00000000 00000040 
                       DC_DATA EQU              0x40
   25 00000000 40008008 
                       SSI0_DR_R
                               EQU              0x40008008
   26 00000000 4000800C 
                       SSI0_SR_R
                               EQU              0x4000800C
   27 00000000 00000004 
                       SSI_SR_RNE
                               EQU              0x00000004  ; SSI Receive FIFO 
                                                            Not Empty
   28 00000000 00000010 
                       SSI_SR_BSY
                               EQU              0x00000010  ; SSI Busy Bit
   29 00000000 00000002 
                       SSI_SR_TNF
                               EQU              0x00000002  ; SSI Transmit FIFO
                                                             Not Full
   30 00000000         
   31 00000000                 EXPORT           writecommand
   32 00000000         
   33 00000000                 EXPORT           writedata
   34 00000000         
   35 00000000         
   36 00000000                 AREA             |.text|, CODE, READONLY, ALIGN=
2
   37 00000000                 THUMB
   38 00000000                 ALIGN



ARM Macro Assembler    Page 2 


   39 00000000         
   40 00000000         ; The Data/Command pin must be valid when the eighth bit
                        is
   41 00000000         ; sent.  The SSI module has hardware input and output FI
                       FOs
   42 00000000         ; that are 8 locations deep.  Based on the observation t
                       hat
   43 00000000         ; the LCD interface tends to send a few commands and the
                       n a
   44 00000000         ; lot of data, the FIFOs are not used when writing
   45 00000000         ; commands, and they are used when writing data.  This
   46 00000000         ; ensures that the Data/Command pin status matches the b
                       yte
   47 00000000         ; that is actually being transmitted.
   48 00000000         ; The write command operation waits until all data has b
                       een
   49 00000000         ; sent, configures the Data/Command pin for commands, se
                       nds
   50 00000000         ; the command, and then waits for the transmission to
   51 00000000         ; finish.
   52 00000000         ; The write data operation waits until there is room in 
                       the
   53 00000000         ; transmit FIFO, configures the Data/Command pin for dat
                       a,
   54 00000000         ; and then adds the data to the transmit FIFO.
   55 00000000         ; NOTE: These functions will crash or stall indefinitely
                        if
   56 00000000         ; the SSI0 module is not initialized and enabled.
   57 00000000         
   58 00000000         ; This is a helper function that sends an 8-bit command 
                       to the LCD.
   59 00000000         ; Input: R0  8-bit command to transmit
   60 00000000         ; Output: none
   61 00000000         ; Assumes: SSI0 and port A have already been initialized
                        and enabled
   62 00000000         writecommand
   63 00000000         ;; --UUU-- Code to write a command to the LCD
   64 00000000         ;1) Read SSI0_SR_R and check bit 4, 
   65 00000000         ;2) If bit 4 is high, loop back to step 1 (wait for BUSY
                        bit to be low)
   66 00000000         ;3) Clear D/C=PA6 to zero
   67 00000000         ;4) Write the command to SSI0_DR_R
   68 00000000         ;5) Read SSI0_SR_R and check bit 4, 
   69 00000000         ;6) If bit 4 is high, loop back to step 5 (wait for BUSY
                        bit to be low)
   70 00000000 4913            LDR              R1, =SSI0_SR_R
   71 00000002 680A    loop    LDR              R2, [R1]
   72 00000004 EA4F 1212       LSR              R2, R2, #4
   73 00000008 F002 0201       AND              R2, R2, #1
   74 0000000C 1C12            ADDS             R2, R2, #0
   75 0000000E D1F8            BNE              loop
   76 00000010         
   77 00000010 4910            LDR              R1, =DC
   78 00000012 680A            LDR              R2, [R1]
   79 00000014 F002 02BF       AND              R2, R2, #0xBF
   80 00000018 600A            STR              R2, [R1]
   81 0000001A         
   82 0000001A 490F            LDR              R1, =SSI0_DR_R
   83 0000001C 7008            STRB             R0, [R1]



ARM Macro Assembler    Page 3 


   84 0000001E         
   85 0000001E 490C            LDR              R1, =SSI0_SR_R
   86 00000020 680A    loop2   LDR              R2, [R1]
   87 00000022 EA4F 1212       LSR              R2, R2, #4
   88 00000026 F002 0201       AND              R2, R2, #1
   89 0000002A 1C12            ADDS             R2, R2, #0
   90 0000002C D1F8            BNE              loop2
   91 0000002E         
   92 0000002E 4770            BX               LR          ;   return
   93 00000030         
   94 00000030         ; This is a helper function that sends an 8-bit data to 
                       the LCD.
   95 00000030         ; Input: R0  8-bit data to transmit
   96 00000030         ; Output: none
   97 00000030         ; Assumes: SSI0 and port A have already been initialized
                        and enabled
   98 00000030         writedata
   99 00000030         ;; --UUU-- Code to write data to the LCD
  100 00000030         ;1) Read SSI0_SR_R and check bit 1, 
  101 00000030         ;2) If bit 1 is low loop back to step 1 (wait for TNF bi
                       t to be high)
  102 00000030         ;3) Set D/C=PA6 to one
  103 00000030         ;4) Write the 8-bit data to SSI0_DR_R
  104 00000030 4907            LDR              R1, =SSI0_SR_R
  105 00000032 680A    loop3   LDR              R2, [R1]
  106 00000034 EA4F 0252       LSR              R2, R2, #1
  107 00000038 F002 0201       AND              R2, R2, #1
  108 0000003C 1C12            ADDS             R2, R2, #0
  109 0000003E D0F8            BEQ              loop3
  110 00000040         
  111 00000040 4904            LDR              R1, =DC
  112 00000042 680A            LDR              R2, [R1]
  113 00000044 F042 0240       ORR              R2, R2, #0x40
  114 00000048 600A            STR              R2, [R1]
  115 0000004A         
  116 0000004A 4903            LDR              R1, =SSI0_DR_R
  117 0000004C 7008            STRB             R0, [R1]
  118 0000004E         
  119 0000004E 4770            BX               LR          ;   return
  120 00000050         
  121 00000050         
  122 00000050         ;***************************************************
  123 00000050         ; This is a library for the Adafruit 1.8" SPI display.
  124 00000050         ; This library works with the Adafruit 1.8" TFT Breakout
                        w/SD card
  125 00000050         ; ----> http://www.adafruit.com/products/358
  126 00000050         ; as well as Adafruit raw 1.8" TFT display
  127 00000050         ; ----> http://www.adafruit.com/products/618
  128 00000050         ;
  129 00000050         ; Check out the links above for our tutorials and wiring
                        diagrams
  130 00000050         ; These displays use SPI to communicate, 4 or 5 pins are
                        required to
  131 00000050         ; interface (RST is optional)
  132 00000050         ; Adafruit invests time and resources providing this ope
                       n source code,
  133 00000050         ; please support Adafruit and open-source hardware by pu
                       rchasing
  134 00000050         ; products from Adafruit!



ARM Macro Assembler    Page 4 


  135 00000050         ;
  136 00000050         ; Written by Limor Fried/Ladyada for Adafruit Industries
                       .
  137 00000050         ; MIT license, all text above must be included in any re
                       distribution
  138 00000050         ;****************************************************
  139 00000050         
  140 00000050                 ALIGN                        ; make sure the end
                                                             of this section is
                                                             aligned
  141 00000050                 END                          ; end of file
              4000800C 
              40004100 
              40008008 
Command Line: --debug --xref --diag_suppress=9931 --cpu=Cortex-M4 --apcs=interw
ork --depend=.\lcd.d -o.\lcd.o -I.\RTE\_Lab7 -IC:\Users\adeel\AppData\Local\Arm
\Packs\ARM\CMSIS\5.6.0\CMSIS\Core\Include -IC:\Users\adeel\AppData\Local\Arm\Pa
cks\Keil\TM4C_DFP\1.1.0\Device\Include\TM4C123 --predefine="__MICROLIB SETA 1" 
--predefine="__UVISION_VERSION SETA 529" --predefine="_RTE_ SETA 1" --predefine
="TM4C123GH6PM SETA 1" --list=.\lcd.lst LCD.s



ARM Macro Assembler    Page 1 Alphabetic symbol ordering
Relocatable symbols

.text 00000000

Symbol: .text
   Definitions
      At line 36 in file LCD.s
   Uses
      None
Comment: .text unused
loop 00000002

Symbol: loop
   Definitions
      At line 71 in file LCD.s
   Uses
      At line 75 in file LCD.s
Comment: loop used once
loop2 00000020

Symbol: loop2
   Definitions
      At line 86 in file LCD.s
   Uses
      At line 90 in file LCD.s
Comment: loop2 used once
loop3 00000032

Symbol: loop3
   Definitions
      At line 105 in file LCD.s
   Uses
      At line 109 in file LCD.s
Comment: loop3 used once
writecommand 00000000

Symbol: writecommand
   Definitions
      At line 62 in file LCD.s
   Uses
      At line 31 in file LCD.s
Comment: writecommand used once
writedata 00000030

Symbol: writedata
   Definitions
      At line 98 in file LCD.s
   Uses
      At line 33 in file LCD.s
Comment: writedata used once
6 symbols



ARM Macro Assembler    Page 1 Alphabetic symbol ordering
Absolute symbols

DC 40004100

Symbol: DC
   Definitions
      At line 22 in file LCD.s
   Uses
      At line 77 in file LCD.s
      At line 111 in file LCD.s

DC_COMMAND 00000000

Symbol: DC_COMMAND
   Definitions
      At line 23 in file LCD.s
   Uses
      None
Comment: DC_COMMAND unused
DC_DATA 00000040

Symbol: DC_DATA
   Definitions
      At line 24 in file LCD.s
   Uses
      None
Comment: DC_DATA unused
SSI0_DR_R 40008008

Symbol: SSI0_DR_R
   Definitions
      At line 25 in file LCD.s
   Uses
      At line 82 in file LCD.s
      At line 116 in file LCD.s

SSI0_SR_R 4000800C

Symbol: SSI0_SR_R
   Definitions
      At line 26 in file LCD.s
   Uses
      At line 70 in file LCD.s
      At line 85 in file LCD.s
      At line 104 in file LCD.s

SSI_SR_BSY 00000010

Symbol: SSI_SR_BSY
   Definitions
      At line 28 in file LCD.s
   Uses
      None
Comment: SSI_SR_BSY unused
SSI_SR_RNE 00000004

Symbol: SSI_SR_RNE
   Definitions
      At line 27 in file LCD.s
   Uses
      None



ARM Macro Assembler    Page 2 Alphabetic symbol ordering
Absolute symbols

Comment: SSI_SR_RNE unused
SSI_SR_TNF 00000002

Symbol: SSI_SR_TNF
   Definitions
      At line 29 in file LCD.s
   Uses
      None
Comment: SSI_SR_TNF unused
8 symbols
350 symbols in table
