


ARM Macro Assembler    Page 1 


    1 00000000         ; Print.s
    2 00000000         ; Student names: change this to your names or look very 
                       silly
    3 00000000         ; Last modification date: change this to the last modifi
                       cation date or look very silly
    4 00000000         ; Runs on LM4F120 or TM4C123
    5 00000000         ; EE319K lab 7 device driver for any LCD
    6 00000000         ;
    7 00000000         ; As part of Lab 7, students need to implement these LCD
                       _OutDec and LCD_OutFix
    8 00000000         ; This driver assumes two low-level LCD functions
    9 00000000         ; ST7735_OutChar   outputs a single 8-bit ASCII characte
                       r
   10 00000000         ; ST7735_OutString outputs a null-terminated string 
   11 00000000         
   12 00000000                 IMPORT           ST7735_OutChar
   13 00000000                 IMPORT           ST7735_OutString
   14 00000000                 EXPORT           LCD_OutDec
   15 00000000                 EXPORT           LCD_OutFix
   16 00000000 00000000 
                       number  EQU              0
   17 00000000 00000004 
                       length  EQU              4
   18 00000000                 AREA             |.text|, CODE, READONLY, ALIGN=
2
   19 00000000                 THUMB
   20 00000000         
   21 00000000         
   22 00000000         
   23 00000000         ;-----------------------LCD_OutDec----------------------
                       -
   24 00000000         ; Output a 32-bit number in unsigned decimal format
   25 00000000         ; Input: R0 (call by value) 32-bit unsigned number
   26 00000000         ; Output: none
   27 00000000         ; Invariables: This function must not permanently modify
                        registers R4 to R11
   28 00000000         LCD_OutDec
   29 00000000 B501            PUSH             {LR, R0}
   30 00000002         ; ******Allocation Phase******* 
   31 00000002 B082            SUB              SP, #8
   32 00000004         
   33 00000004         ; *****Access Phase*******
   34 00000004 280A            CMP              R0, #10
   35 00000006 D30F            BLO              lowDec
   36 00000008 F04F 030A       MOV              R3, #0xA
   37 0000000C FBB0 F2F3       UDIV             R2, R0, R3
   38 00000010 FB02 0113       MLS              R1, R2, R3, R0
   39 00000014 4610            MOV              R0, R2
   40 00000016 9100            STR              R1, [SP, #number]
   41 00000018 F7FF FFFE       BL               LCD_OutDec
   42 0000001C 9800            LDR              R0, [SP, #number]
   43 0000001E F100 0030       ADD              R0, #48
   44 00000022 F7FF FFFE       BL               ST7735_OutChar
   45 00000026 E003            B                retDec
   46 00000028 F100 0030 
                       lowDec  ADD              R0, #48
   47 0000002C F7FF FFFE       BL               ST7735_OutChar
   48 00000030         
   49 00000030         ;****Deallocation Phase***** 



ARM Macro Assembler    Page 2 


   50 00000030 B002    retDec  ADD              SP, #8
   51 00000032 E8BD 4001       POP              {LR, R0}
   52 00000036 4770            BX               LR
   53 00000038         ;* * * * * * * * End of LCD_OutDec * * * * * * * *
   54 00000038         
   55 00000038         ; -----------------------LCD _OutFix--------------------
                       --
   56 00000038         ; Output characters to LCD display in fixed-point format
                       
   57 00000038         ; unsigned decimal, resolution 0.01, range 0.00 to 9.99
   58 00000038         ; Inputs:  R0 is an unsigned 32-bit number
   59 00000038         ; Outputs: none
   60 00000038         ; E.g., R0=0,    then output "0.00 "
   61 00000038         ;       R0=3,    then output "0.03 "
   62 00000038         ;       R0=89,   then output "0.89 "
   63 00000038         ;       R0=123,  then output "1.23 "
   64 00000038         ;       R0=999,  then output "9.99 "
   65 00000038         ;       R0>999,  then output "*.** "
   66 00000038         ; Invariables: This function must not permanently modify
                        registers R4 to R11
   67 00000038         LCD_OutFix
   68 00000038 F04F 0100       MOV              R1, #0
   69 0000003C         LCD_OutFix_Wrap
   70 0000003C B513            PUSH             {LR, R4, R1, R0}
   71 0000003E         
   72 0000003E         ; ******Allocation Phase******* 
   73 0000003E B082            SUB              SP, #8      ; Allocate num
   74 00000040         
   75 00000040         ; *****Access Phase*******
   76 00000040 F242 7410       MOV              R4, #10000
   77 00000044 42A0            CMP              R0, R4
   78 00000046 D21B            BHS              error
   79 00000048 2904            CMP              R1, #4
   80 0000004A D02D            BEQ              retFix
   81 0000004C F04F 030A       MOV              R3, #0xA
   82 00000050 FBB0 F2F3       UDIV             R2, R0, R3
   83 00000054 FB02 0413       MLS              R4, R2, R3, R0
   84 00000058 4610            MOV              R0, R2
   85 0000005A 9400            STR              R4, [SP, #number]
   86 0000005C 9101            STR              R1, [SP, #length]
   87 0000005E F101 0101       ADD              R1, #1
   88 00000062 F7FF FFEB       BL               LCD_OutFix_Wrap
   89 00000066 9800            LDR              R0, [SP, #number]
   90 00000068 F100 0030       ADD              R0, #48
   91 0000006C F7FF FFFE       BL               ST7735_OutChar
   92 00000070 9901            LDR              R1, [SP, #length]
   93 00000072 2903            CMP              R1, #3
   94 00000074 D118            BNE              retFix
   95 00000076 F04F 002E       MOV              R0, #0x2E
   96 0000007A F7FF FFFE       BL               ST7735_OutChar
   97 0000007E E013            B                retFix
   98 00000080         
   99 00000080 F04F 002A 
                       error   MOV              R0, #0x2A
  100 00000084 F7FF FFFE       BL               ST7735_OutChar
  101 00000088 F04F 002E       MOV              R0, #0x2E
  102 0000008C F7FF FFFE       BL               ST7735_OutChar
  103 00000090 F04F 002A       MOV              R0, #0x2A
  104 00000094 F7FF FFFE       BL               ST7735_OutChar



ARM Macro Assembler    Page 3 


  105 00000098 F04F 002A       MOV              R0, #0x2A
  106 0000009C F7FF FFFE       BL               ST7735_OutChar
  107 000000A0 F04F 002A       MOV              R0, #0x2A
  108 000000A4 F7FF FFFE       BL               ST7735_OutChar
  109 000000A8         
  110 000000A8         ;****Deallocation Phase***** 
  111 000000A8 B002    retFix  ADD              SP, #8
  112 000000AA E8BD 4013       POP              {LR, R4, R1, R0}
  113 000000AE 4770            BX               LR
  114 000000B0         
  115 000000B0         
  116 000000B0         ;* * * * * * * * End of LCD_OutFix * * * * * * * *
  117 000000B0         
  118 000000B0                 ALIGN                        ; make sure the end
                                                             of this section is
                                                             aligned
  119 000000B0                 END                          ; end of file
Command Line: --debug --xref --diag_suppress=9931 --cpu=Cortex-M4 --apcs=interw
ork --depend=.\print.d -o.\print.o -I.\RTE\_Lab8 -IC:\Users\adeel\AppData\Local
\Arm\Packs\ARM\CMSIS\5.6.0\CMSIS\Core\Include -IC:\Users\adeel\AppData\Local\Ar
m\Packs\Keil\TM4C_DFP\1.1.0\Device\Include\TM4C123 --predefine="__UVISION_VERSI
ON SETA 529" --predefine="_RTE_ SETA 1" --predefine="TM4C123GH6PM SETA 1" --lis
t=.\print.lst Print.s



ARM Macro Assembler    Page 1 Alphabetic symbol ordering
Relocatable symbols

.text 00000000

Symbol: .text
   Definitions
      At line 18 in file Print.s
   Uses
      None
Comment: .text unused
LCD_OutDec 00000000

Symbol: LCD_OutDec
   Definitions
      At line 28 in file Print.s
   Uses
      At line 14 in file Print.s
      At line 41 in file Print.s

LCD_OutFix 00000038

Symbol: LCD_OutFix
   Definitions
      At line 67 in file Print.s
   Uses
      At line 15 in file Print.s
Comment: LCD_OutFix used once
LCD_OutFix_Wrap 0000003C

Symbol: LCD_OutFix_Wrap
   Definitions
      At line 69 in file Print.s
   Uses
      At line 88 in file Print.s
Comment: LCD_OutFix_Wrap used once
error 00000080

Symbol: error
   Definitions
      At line 99 in file Print.s
   Uses
      At line 78 in file Print.s
Comment: error used once
lowDec 00000028

Symbol: lowDec
   Definitions
      At line 46 in file Print.s
   Uses
      At line 35 in file Print.s
Comment: lowDec used once
retDec 00000030

Symbol: retDec
   Definitions
      At line 50 in file Print.s
   Uses
      At line 45 in file Print.s
Comment: retDec used once
retFix 000000A8




ARM Macro Assembler    Page 2 Alphabetic symbol ordering
Relocatable symbols

Symbol: retFix
   Definitions
      At line 111 in file Print.s
   Uses
      At line 80 in file Print.s
      At line 94 in file Print.s
      At line 97 in file Print.s

8 symbols



ARM Macro Assembler    Page 1 Alphabetic symbol ordering
Absolute symbols

length 00000004

Symbol: length
   Definitions
      At line 17 in file Print.s
   Uses
      At line 86 in file Print.s
      At line 92 in file Print.s

number 00000000

Symbol: number
   Definitions
      At line 16 in file Print.s
   Uses
      At line 40 in file Print.s
      At line 42 in file Print.s
      At line 85 in file Print.s
      At line 89 in file Print.s

2 symbols



ARM Macro Assembler    Page 1 Alphabetic symbol ordering
External symbols

ST7735_OutChar 00000000

Symbol: ST7735_OutChar
   Definitions
      At line 12 in file Print.s
   Uses
      At line 44 in file Print.s
      At line 47 in file Print.s
      At line 91 in file Print.s
      At line 96 in file Print.s
      At line 100 in file Print.s
      At line 102 in file Print.s
      At line 104 in file Print.s
      At line 106 in file Print.s
      At line 108 in file Print.s

ST7735_OutString 00000000

Symbol: ST7735_OutString
   Definitions
      At line 13 in file Print.s
   Uses
      None
Comment: ST7735_OutString unused
2 symbols
345 symbols in table
